FirebaseAuthsYT/app/build/intermediates/manifest_merge_blame_file/debug/manifest-merger-blame-debug-report.txt
1<?xml version="1.0" encoding="utf-8"?>
2<manifest xmlns:android="http://schemas.android.com/apk/res/android"
3    package="com.example.firebaseauthyt"
4    android:versionCode="1"
5    android:versionName="1.0" >
6
7    <uses-sdk
8        android:minSdkVersion="21"
8-->src/main/AndroidManifest.xml
9        android:targetSdkVersion="32" />
9-->src/main/AndroidManifest.xml
10
11    <uses-permission android:name="android.permission.INTERNET" />
11-->src/main/AndroidManifest.xml:5:5-67
11-->src/main/AndroidManifest.xml:5:22-64
12    <uses-permission android:name="android.permission.ACCESS_NETWORK_STATE" />
12-->[com.google.firebase:firebase-auth:21.1.0] AndroidManifest.xml:24:5-79
12-->[com.google.firebase:firebase-auth:21.1.0] AndroidManifest.xml:24:22-76
13
14    <application
14-->src/main/AndroidManifest.xml:7:5-33:19
15        android:name="com.example.firebaseauthyt.ApplicationFirebaseAuth"
15-->src/main/AndroidManifest.xml:9:9-48
16        android:allowBackup="true"
16-->src/main/AndroidManifest.xml:8:9-35
17        android:appComponentFactory="androidx.core.app.CoreComponentFactory"
17-->[androidx.core:core:1.8.0] AndroidManifest.xml:24:18-86
18        android:dataExtractionRules="@xml/data_extraction_rules"
18-->src/main/AndroidManifest.xml:10:9-65
19        android:debuggable="true"
20        android:fullBackupContent="@xml/backup_rules"
20-->src/main/AndroidManifest.xml:11:9-54
21        android:icon="@mipmap/ic_launcher"
21-->src/main/AndroidManifest.xml:12:9-43
22        android:label="@string/app_name"
22-->src/main/AndroidManifest.xml:13:9-41
23        android:roundIcon="@mipmap/ic_launcher_round"
23-->src/main/AndroidManifest.xml:14:9-54
24        android:supportsRtl="true"
24-->src/main/AndroidManifest.xml:15:9-35
25        android:testOnly="true"
26        android:theme="@style/Theme.FirebaseAuthYT" >
26-->src/main/AndroidManifest.xml:16:9-52
27        <activity
27-->src/main/AndroidManifest.xml:18:9-32:20
28            android:name="com.example.firebaseauthyt.MainActivity"
28-->src/main/AndroidManifest.xml:19:13-41
29            android:exported="true"
29-->src/main/AndroidManifest.xml:20:13-36
30            android:label="@string/app_name"
30-->src/main/AndroidManifest.xml:21:13-45
31            android:theme="@style/Theme.FirebaseAuthYT" >
31-->src/main/AndroidManifest.xml:22:13-56
32            <intent-filter>
32-->src/main/AndroidManifest.xml:23:13-27:29
33                <action android:name="android.intent.action.MAIN" />
33-->src/main/AndroidManifest.xml:24:17-69
33-->src/main/AndroidManifest.xml:24:25-66
34
35                <category android:name="android.intent.category.LAUNCHER" />
35-->src/main/AndroidManifest.xml:26:17-77
35-->src/main/AndroidManifest.xml:26:27-74
36            </intent-filter>
37
38            <meta-data
38-->src/main/AndroidManifest.xml:29:13-31:36
39                android:name="android.app.lib_name"
39-->src/main/AndroidManifest.xml:30:17-52
40                android:value="" />
40-->src/main/AndroidManifest.xml:31:17-33
41        </activity>
42
43        <service
43-->[com.google.firebase:firebase-auth-ktx:21.1.0] AndroidManifest.xml:8:9-14:19
44            android:name="com.google.firebase.components.ComponentDiscoveryService"
44-->[com.google.firebase:firebase-auth-ktx:21.1.0] AndroidManifest.xml:9:13-84
45            android:directBootAware="true"
45-->[com.google.firebase:firebase-common:20.2.0] AndroidManifest.xml:34:13-43
46            android:exported="false" >
46-->[com.google.firebase:firebase-auth-ktx:21.1.0] AndroidManifest.xml:10:13-37
47            <meta-data
47-->[com.google.firebase:firebase-auth-ktx:21.1.0] AndroidManifest.xml:11:13-13:85
48                android:name="com.google.firebase.components:com.google.firebase.auth.ktx.FirebaseAuthKtxRegistrar"
48-->[com.google.firebase:firebase-auth-ktx:21.1.0] AndroidManifest.xml:12:17-116
49                android:value="com.google.firebase.components.ComponentRegistrar" />
49-->[com.google.firebase:firebase-auth-ktx:21.1.0] AndroidManifest.xml:13:17-82
50            <meta-data
50-->[com.google.firebase:firebase-common-ktx:20.2.0] AndroidManifest.xml:14:13-16:85
51                android:name="com.google.firebase.components:com.google.firebase.ktx.FirebaseCommonKtxRegistrar"
51-->[com.google.firebase:firebase-common-ktx:20.2.0] AndroidManifest.xml:15:17-113
52                android:value="com.google.firebase.components.ComponentRegistrar" />
52-->[com.google.firebase:firebase-common-ktx:20.2.0] AndroidManifest.xml:16:17-82
53            <meta-data
53-->[com.google.firebase:firebase-auth:21.1.0] AndroidManifest.xml:67:13-69:85
54                android:name="com.google.firebase.components:com.google.firebase.auth.FirebaseAuthRegistrar"
54-->[com.google.firebase:firebase-auth:21.1.0] AndroidManifest.xml:68:17-109
55                android:value="com.google.firebase.components.ComponentRegistrar" />
55-->[com.google.firebase:firebase-auth:21.1.0] AndroidManifest.xml:69:17-82
56        </service>
57
58        <activity
58-->[androidx.compose.ui:ui-tooling:1.1.1] AndroidManifest.xml:25:9-27:39
59            android:name="androidx.compose.ui.tooling.PreviewActivity"
59-->[androidx.compose.ui:ui-tooling:1.1.1] AndroidManifest.xml:26:13-71
60            android:exported="true" />
60-->[androidx.compose.ui:ui-tooling:1.1.1] AndroidManifest.xml:27:13-36
61        <activity
61-->[androidx.compose.ui:ui-test-manifest:1.1.1] AndroidManifest.xml:25:9-27:39
62            android:name="androidx.activity.ComponentActivity"
62-->[androidx.compose.ui:ui-test-manifest:1.1.1] AndroidManifest.xml:26:13-63
63            android:exported="true" />
63-->[androidx.compose.ui:ui-test-manifest:1.1.1] AndroidManifest.xml:27:13-36
64        <activity
64-->[com.google.firebase:firebase-auth:21.1.0] AndroidManifest.xml:27:9-44:20
65            android:name="com.google.firebase.auth.internal.GenericIdpActivity"
65-->[com.google.firebase:firebase-auth:21.1.0] AndroidManifest.xml:28:13-80
66            android:excludeFromRecents="true"
66-->[com.google.firebase:firebase-auth:21.1.0] AndroidManifest.xml:29:13-46
67            android:exported="true"
67-->[com.google.firebase:firebase-auth:21.1.0] AndroidManifest.xml:30:13-36
68            android:launchMode="singleTask"
68-->[com.google.firebase:firebase-auth:21.1.0] AndroidManifest.xml:31:13-44
69            android:theme="@android:style/Theme.Translucent.NoTitleBar" >
69-->[com.google.firebase:firebase-auth:21.1.0] AndroidManifest.xml:32:13-72
70            <intent-filter>
70-->[com.google.firebase:firebase-auth:21.1.0] AndroidManifest.xml:33:13-43:29
71                <action android:name="android.intent.action.VIEW" />
71-->[com.google.firebase:firebase-auth:21.1.0] AndroidManifest.xml:34:17-69
71-->[com.google.firebase:firebase-auth:21.1.0] AndroidManifest.xml:34:25-66
72
73                <category android:name="android.intent.category.DEFAULT" />
73-->[com.google.firebase:firebase-auth:21.1.0] AndroidManifest.xml:36:17-76
73-->[com.google.firebase:firebase-auth:21.1.0] AndroidManifest.xml:36:27-73
74                <category android:name="android.intent.category.BROWSABLE" />
74-->[com.google.firebase:firebase-auth:21.1.0] AndroidManifest.xml:37:17-78
74-->[com.google.firebase:firebase-auth:21.1.0] AndroidManifest.xml:37:27-75
75
76                <data
76-->[com.google.firebase:firebase-auth:21.1.0] AndroidManifest.xml:39:17-42:51
77                    android:host="firebase.auth"
77-->[com.google.firebase:firebase-auth:21.1.0] AndroidManifest.xml:40:21-49
78                    android:path="/"
78-->[com.google.firebase:firebase-auth:21.1.0] AndroidManifest.xml:41:21-37
79                    android:scheme="genericidp" />
79-->[com.google.firebase:firebase-auth:21.1.0] AndroidManifest.xml:42:21-48
80            </intent-filter>
81        </activity>
82        <activity
82-->[com.google.firebase:firebase-auth:21.1.0] AndroidManifest.xml:45:9-62:20
83            android:name="com.google.firebase.auth.internal.RecaptchaActivity"
83-->[com.google.firebase:firebase-auth:21.1.0] AndroidManifest.xml:46:13-79
84            android:excludeFromRecents="true"
84-->[com.google.firebase:firebase-auth:21.1.0] AndroidManifest.xml:47:13-46
85            android:exported="true"
85-->[com.google.firebase:firebase-auth:21.1.0] AndroidManifest.xml:48:13-36
86            android:launchMode="singleTask"
86-->[com.google.firebase:firebase-auth:21.1.0] AndroidManifest.xml:49:13-44
87            android:theme="@android:style/Theme.Translucent.NoTitleBar" >
87-->[com.google.firebase:firebase-auth:21.1.0] AndroidManifest.xml:50:13-72
88            <intent-filter>
88-->[com.google.firebase:firebase-auth:21.1.0] AndroidManifest.xml:51:13-61:29
89                <action android:name="android.intent.action.VIEW" />
89-->[com.google.firebase:firebase-auth:21.1.0] AndroidManifest.xml:34:17-69
89-->[com.google.firebase:firebase-auth:21.1.0] AndroidManifest.xml:34:25-66
90
91                <category android:name="android.intent.category.DEFAULT" />
91-->[com.google.firebase:firebase-auth:21.1.0] AndroidManifest.xml:36:17-76
91-->[com.google.firebase:firebase-auth:21.1.0] AndroidManifest.xml:36:27-73
92                <category android:name="android.intent.category.BROWSABLE" />
92-->[com.google.firebase:firebase-auth:21.1.0] AndroidManifest.xml:37:17-78
92-->[com.google.firebase:firebase-auth:21.1.0] AndroidManifest.xml:37:27-75
93
94                <data
94-->[com.google.firebase:firebase-auth:21.1.0] AndroidManifest.xml:39:17-42:51
95                    android:host="firebase.auth"
95-->[com.google.firebase:firebase-auth:21.1.0] AndroidManifest.xml:40:21-49
96                    android:path="/"
96-->[com.google.firebase:firebase-auth:21.1.0] AndroidManifest.xml:41:21-37
97                    android:scheme="recaptcha" />
97-->[com.google.firebase:firebase-auth:21.1.0] AndroidManifest.xml:42:21-48
98            </intent-filter>
99        </activity>
100
101        <provider
101-->[com.google.firebase:firebase-common:20.2.0] AndroidManifest.xml:25:9-30:39
102            android:name="com.google.firebase.provider.FirebaseInitProvider"
102-->[com.google.firebase:firebase-common:20.2.0] AndroidManifest.xml:26:13-77
103            android:authorities="com.example.firebaseauthyt.firebaseinitprovider"
103-->[com.google.firebase:firebase-common:20.2.0] AndroidManifest.xml:27:13-72
104            android:directBootAware="true"
104-->[com.google.firebase:firebase-common:20.2.0] AndroidManifest.xml:28:13-43
105            android:exported="false"
105-->[com.google.firebase:firebase-common:20.2.0] AndroidManifest.xml:29:13-37
106            android:initOrder="100" />
106-->[com.google.firebase:firebase-common:20.2.0] AndroidManifest.xml:30:13-36
107
108        <activity
108-->[com.google.android.gms:play-services-base:17.1.0] AndroidManifest.xml:23:9-26:75
109            android:name="com.google.android.gms.common.api.GoogleApiActivity"
109-->[com.google.android.gms:play-services-base:17.1.0] AndroidManifest.xml:24:13-79
110            android:exported="false"
110-->[com.google.android.gms:play-services-base:17.1.0] AndroidManifest.xml:25:13-37
111            android:theme="@android:style/Theme.Translucent.NoTitleBar" />
111-->[com.google.android.gms:play-services-base:17.1.0] AndroidManifest.xml:26:13-72
112
113        <meta-data
113-->[com.google.android.gms:play-services-basement:18.1.0] AndroidManifest.xml:21:9-23:69
114            android:name="com.google.android.gms.version"
114-->[com.google.android.gms:play-services-basement:18.1.0] AndroidManifest.xml:22:13-58
115            android:value="@integer/google_play_services_version" />
115-->[com.google.android.gms:play-services-basement:18.1.0] AndroidManifest.xml:23:13-66
116
117        <provider
117-->[androidx.profileinstaller:profileinstaller:1.1.0] AndroidManifest.xml:26:9-34:20
118            android:name="androidx.startup.InitializationProvider"
118-->[androidx.profileinstaller:profileinstaller:1.1.0] AndroidManifest.xml:27:13-67
119            android:authorities="com.example.firebaseauthyt.androidx-startup"
119-->[androidx.profileinstaller:profileinstaller:1.1.0] AndroidManifest.xml:28:13-68
120            android:exported="false" >
120-->[androidx.profileinstaller:profileinstaller:1.1.0] AndroidManifest.xml:29:13-37
121            <meta-data
121-->[androidx.profileinstaller:profileinstaller:1.1.0] AndroidManifest.xml:31:13-33:52
122                android:name="androidx.profileinstaller.ProfileInstallerInitializer"
122-->[androidx.profileinstaller:profileinstaller:1.1.0] AndroidManifest.xml:32:17-85
123                android:value="androidx.startup" />
123-->[androidx.profileinstaller:profileinstaller:1.1.0] AndroidManifest.xml:33:17-49
124        </provider>
125
126        <receiver
126-->[androidx.profileinstaller:profileinstaller:1.1.0] AndroidManifest.xml:36:9-45:20
127            android:name="androidx.profileinstaller.ProfileInstallReceiver"
127-->[androidx.profileinstaller:profileinstaller:1.1.0] AndroidManifest.xml:37:13-76
128            android:directBootAware="false"
128-->[androidx.profileinstaller:profileinstaller:1.1.0] AndroidManifest.xml:38:13-44
129            android:enabled="true"
129-->[androidx.profileinstaller:profileinstaller:1.1.0] AndroidManifest.xml:39:13-35
130            android:exported="true"
130-->[androidx.profileinstaller:profileinstaller:1.1.0] AndroidManifest.xml:40:13-36
131            android:permission="android.permission.DUMP" >
131-->[androidx.profileinstaller:profileinstaller:1.1.0] AndroidManifest.xml:41:13-57
132            <intent-filter>
132-->[androidx.profileinstaller:profileinstaller:1.1.0] AndroidManifest.xml:42:13-44:29
133                <action android:name="androidx.profileinstaller.action.INSTALL_PROFILE" />
133-->[androidx.profileinstaller:profileinstaller:1.1.0] AndroidManifest.xml:43:17-91
133-->[androidx.profileinstaller:profileinstaller:1.1.0] AndroidManifest.xml:43:25-88
134            </intent-filter>
135        </receiver>
136    </application>
137
138</manifest>